<?xml version="1.0" encoding="UTF-8"?>
<!-- Generated by org.testng.reporters.JUnitReportReporter -->
<testsuite hostname="BHUKRK527101L" failures="0" tests="6" name="orangehr.testcases.LoginTest" time="86.062" errors="0" timestamp="2024-12-07T17:39:48 IST" skipped="0">
  <testcase classname="orangehr.testcases.LoginTest" name="verifyloginwithvalidcredentials" time="11.092"/>
  <testcase classname="orangehr.testcases.LoginTest" name="verifyloginwithvalidcredentials" time="12.708"/>
  <testcase classname="orangehr.testcases.LoginTest" name="verifyloginwithvalidcredentials" time="11.410"/>
  <testcase classname="orangehr.testcases.LoginTest" name="verifyloginwithinvalidusername" time="28.568"/>
  <testcase classname="orangehr.testcases.LoginTest" name="verifyloginwithinvalidpassword" time="10.641"/>
  <testcase classname="orangehr.testcases.LoginTest" name="verifyloginwithinvaliusernameandpw" time="11.643"/>
</testsuite> <!-- orangehr.testcases.LoginTest -->
