<?xml version="1.0" encoding="UTF-8"?>
<!-- Generated by org.testng.reporters.JUnitReportReporter -->
<testsuite hostname="BHUKRK527101L" failures="0" tests="2" name="orangehr.testcases.AdminTest" time="28.106" errors="0" timestamp="2024-12-07T17:39:48 IST" skipped="0">
  <testcase classname="orangehr.testcases.AdminTest" name="SearchAdminInSearchBox" time="13.270"/>
  <testcase classname="orangehr.testcases.AdminTest" name="VerifyAdminPage" time="14.836"/>
</testsuite> <!-- orangehr.testcases.AdminTest -->
